2021-11-02 08:56:47,685-FrameworkServlet 'HelloWeb': initialization started(org.springframework.web.servlet.DispatcherServlet:479)
2021-11-02 08:56:47,697-Refreshing WebApplicationContext for namespace 'HelloWeb-servlet': startup date [Tue Nov 02 08:56:47 CST 2021]; root of context hierarchy(org.springframework.web.context.support.XmlWebApplicationContext:510)
2021-11-02 08:56:47,722-Loading XML bean definitions from ServletContext resource [/WEB-INF/HelloWeb-servlet.xml](org.springframework.beans.factory.xml.XmlBeanDefinitionReader:316)
2021-11-02 08:56:47,930-JSR-330 'javax.inject.Inject' annotation found and supported for autowiring(org.springframework.beans.factory.annotation.AutowiredAnnotationBeanPostProcessor:153)
2021-11-02 08:56:47,944-Refreshing org.springframework.context.support.ClassPathXmlApplicationContext@72120919: startup date [Tue Nov 02 08:56:47 CST 2021]; root of context hierarchy(org.springframework.context.support.ClassPathXmlApplicationContext:510)
2021-11-02 08:56:47,945-Loading XML bean definitions from class path resource [Beans.xml](org.springframework.beans.factory.xml.XmlBeanDefinitionReader:316)
2021-11-02 08:56:47,980-Exception encountered during context initialization - cancelling refresh attempt(org.springframework.web.context.support.XmlWebApplicationContext:487)
org.springframework.beans.factory.BeanCreationException: Error creating bean with name 'downloadController' defined in file [D:\down\Multithreaded_Download\target\classes\com\down\ssm\servlet\DownloadController.class]: Instantiation of bean failed; nested exception is org.springframework.beans.BeanInstantiationException: Could not instantiate bean class [com.down.ssm.servlet.DownloadController]: Constructor threw exception; nested exception is org.springframework.beans.factory.CannotLoadBeanClassException: Cannot find class [download.MyThread] for bean with name 'Down' defined in class path resource [Beans.xml]; nested exception is java.lang.ClassNotFoundException: download.MyThread
	at org.springframework.beans.factory.support.AbstractAutowireCapableBeanFactory.instantiateBean(AbstractAutowireCapableBeanFactory.java:1095)
	at org.springframework.beans.factory.support.AbstractAutowireCapableBeanFactory.createBeanInstance(AbstractAutowireCapableBeanFactory.java:1040)
	at org.springframework.beans.factory.support.AbstractAutowireCapableBeanFactory.doCreateBean(AbstractAutowireCapableBeanFactory.java:505)
	at org.springframework.beans.factory.support.AbstractAutowireCapableBeanFactory.createBean(AbstractAutowireCapableBeanFactory.java:476)
	at org.springframework.beans.factory.support.AbstractBeanFactory$1.getObject(AbstractBeanFactory.java:302)
	at org.springframework.beans.factory.support.DefaultSingletonBeanRegistry.getSingleton(DefaultSingletonBeanRegistry.java:229)
	at org.springframework.beans.factory.support.AbstractBeanFactory.doGetBean(AbstractBeanFactory.java:298)
	at org.springframework.beans.factory.support.AbstractBeanFactory.getBean(AbstractBeanFactory.java:193)
	at org.springframework.beans.factory.support.DefaultListableBeanFactory.preInstantiateSingletons(DefaultListableBeanFactory.java:725)
	at org.springframework.context.support.AbstractApplicationContext.finishBeanFactoryInitialization(AbstractApplicationContext.java:757)
	at org.springframework.context.support.AbstractApplicationContext.refresh(AbstractApplicationContext.java:480)
	at org.springframework.web.servlet.FrameworkServlet.configureAndRefreshWebApplicationContext(FrameworkServlet.java:658)
	at org.springframework.web.servlet.FrameworkServlet.createWebApplicationContext(FrameworkServlet.java:624)
	at org.springframework.web.servlet.FrameworkServlet.createWebApplicationContext(FrameworkServlet.java:672)
	at org.springframework.web.servlet.FrameworkServlet.initWebApplicationContext(FrameworkServlet.java:543)
	at org.springframework.web.servlet.FrameworkServlet.initServletBean(FrameworkServlet.java:484)
	at org.springframework.web.servlet.HttpServletBean.init(HttpServletBean.java:136)
	at javax.servlet.GenericServlet.init(GenericServlet.java:160)
	at org.apache.catalina.core.StandardWrapper.initServlet(StandardWrapper.java:1280)
	at org.apache.catalina.core.StandardWrapper.loadServlet(StandardWrapper.java:1193)
	at org.apache.catalina.core.StandardWrapper.load(StandardWrapper.java:1088)
	at org.apache.catalina.core.StandardContext.loadOnStartup(StandardContext.java:5176)
	at org.apache.catalina.core.StandardContext.startInternal(StandardContext.java:5460)
	at org.apache.catalina.util.LifecycleBase.start(LifecycleBase.java:150)
	at org.apache.catalina.core.ContainerBase$StartChild.call(ContainerBase.java:1559)
	at org.apache.catalina.core.ContainerBase$StartChild.call(ContainerBase.java:1549)
	at java.util.concurrent.FutureTask.run(FutureTask.java:266)
	at java.util.concurrent.ThreadPoolExecutor.runWorker(ThreadPoolExecutor.java:1149)
	at java.util.concurrent.ThreadPoolExecutor$Worker.run(ThreadPoolExecutor.java:624)
	at java.lang.Thread.run(Thread.java:748)
Caused by: org.springframework.beans.BeanInstantiationException: Could not instantiate bean class [com.down.ssm.servlet.DownloadController]: Constructor threw exception; nested exception is org.springframework.beans.factory.CannotLoadBeanClassException: Cannot find class [download.MyThread] for bean with name 'Down' defined in class path resource [Beans.xml]; nested exception is java.lang.ClassNotFoundException: download.MyThread
	at org.springframework.beans.BeanUtils.instantiateClass(BeanUtils.java:163)
	at org.springframework.beans.factory.support.SimpleInstantiationStrategy.instantiate(SimpleInstantiationStrategy.java:89)
	at org.springframework.beans.factory.support.AbstractAutowireCapableBeanFactory.instantiateBean(AbstractAutowireCapableBeanFactory.java:1088)
	... 29 more
Caused by: org.springframework.beans.factory.CannotLoadBeanClassException: Cannot find class [download.MyThread] for bean with name 'Down' defined in class path resource [Beans.xml]; nested exception is java.lang.ClassNotFoundException: download.MyThread
	at org.springframework.beans.factory.support.AbstractBeanFactory.resolveBeanClass(AbstractBeanFactory.java:1325)
	at org.springframework.beans.factory.support.AbstractAutowireCapableBeanFactory.createBean(AbstractAutowireCapableBeanFactory.java:453)
	at org.springframework.beans.factory.support.AbstractBeanFactory.doGetBean(AbstractBeanFactory.java:321)
	at org.springframework.beans.factory.support.AbstractBeanFactory.getBean(AbstractBeanFactory.java:193)
	at org.springframework.context.support.AbstractApplicationContext.getBean(AbstractApplicationContext.java:956)
	at com.down.ssm.servlet.DownloadController.<init>(DownloadController.java:19)
	at sun.reflect.NativeConstructorAccessorImpl.newInstance0(Native Method)
	at sun.reflect.NativeConstructorAccessorImpl.newInstance(NativeConstructorAccessorImpl.java:62)
	at sun.reflect.DelegatingConstructorAccessorImpl.newInstance(DelegatingConstructorAccessorImpl.java:45)
	at java.lang.reflect.Constructor.newInstance(Constructor.java:423)
	at org.springframework.beans.BeanUtils.instantiateClass(BeanUtils.java:147)
	... 31 more
Caused by: java.lang.ClassNotFoundException: download.MyThread
	at org.apache.catalina.loader.WebappClassLoader.loadClass(WebappClassLoader.java:1702)
	at org.apache.catalina.loader.WebappClassLoader.loadClass(WebappClassLoader.java:1547)
	at org.springframework.util.ClassUtils.forName(ClassUtils.java:246)
	at org.springframework.beans.factory.support.AbstractBeanDefinition.resolveBeanClass(AbstractBeanDefinition.java:395)
	at org.springframework.beans.factory.support.AbstractBeanFactory.doResolveBeanClass(AbstractBeanFactory.java:1346)
	at org.springframework.beans.factory.support.AbstractBeanFactory.resolveBeanClass(AbstractBeanFactory.java:1317)
	... 41 more
2021-11-02 08:56:47,982-Context initialization failed(org.springframework.web.servlet.DispatcherServlet:492)
org.springframework.beans.factory.BeanCreationException: Error creating bean with name 'downloadController' defined in file [D:\down\Multithreaded_Download\target\classes\com\down\ssm\servlet\DownloadController.class]: Instantiation of bean failed; nested exception is org.springframework.beans.BeanInstantiationException: Could not instantiate bean class [com.down.ssm.servlet.DownloadController]: Constructor threw exception; nested exception is org.springframework.beans.factory.CannotLoadBeanClassException: Cannot find class [download.MyThread] for bean with name 'Down' defined in class path resource [Beans.xml]; nested exception is java.lang.ClassNotFoundException: download.MyThread
	at org.springframework.beans.factory.support.AbstractAutowireCapableBeanFactory.instantiateBean(AbstractAutowireCapableBeanFactory.java:1095)
	at org.springframework.beans.factory.support.AbstractAutowireCapableBeanFactory.createBeanInstance(AbstractAutowireCapableBeanFactory.java:1040)
	at org.springframework.beans.factory.support.AbstractAutowireCapableBeanFactory.doCreateBean(AbstractAutowireCapableBeanFactory.java:505)
	at org.springframework.beans.factory.support.AbstractAutowireCapableBeanFactory.createBean(AbstractAutowireCapableBeanFactory.java:476)
	at org.springframework.beans.factory.support.AbstractBeanFactory$1.getObject(AbstractBeanFactory.java:302)
	at org.springframework.beans.factory.support.DefaultSingletonBeanRegistry.getSingleton(DefaultSingletonBeanRegistry.java:229)
	at org.springframework.beans.factory.support.AbstractBeanFactory.doGetBean(AbstractBeanFactory.java:298)
	at org.springframework.beans.factory.support.AbstractBeanFactory.getBean(AbstractBeanFactory.java:193)
	at org.springframework.beans.factory.support.DefaultListableBeanFactory.preInstantiateSingletons(DefaultListableBeanFactory.java:725)
	at org.springframework.context.support.AbstractApplicationContext.finishBeanFactoryInitialization(AbstractApplicationContext.java:757)
	at org.springframework.context.support.AbstractApplicationContext.refresh(AbstractApplicationContext.java:480)
	at org.springframework.web.servlet.FrameworkServlet.configureAndRefreshWebApplicationContext(FrameworkServlet.java:658)
	at org.springframework.web.servlet.FrameworkServlet.createWebApplicationContext(FrameworkServlet.java:624)
	at org.springframework.web.servlet.FrameworkServlet.createWebApplicationContext(FrameworkServlet.java:672)
	at org.springframework.web.servlet.FrameworkServlet.initWebApplicationContext(FrameworkServlet.java:543)
	at org.springframework.web.servlet.FrameworkServlet.initServletBean(FrameworkServlet.java:484)
	at org.springframework.web.servlet.HttpServletBean.init(HttpServletBean.java:136)
	at javax.servlet.GenericServlet.init(GenericServlet.java:160)
	at org.apache.catalina.core.StandardWrapper.initServlet(StandardWrapper.java:1280)
	at org.apache.catalina.core.StandardWrapper.loadServlet(StandardWrapper.java:1193)
	at org.apache.catalina.core.StandardWrapper.load(StandardWrapper.java:1088)
	at org.apache.catalina.core.StandardContext.loadOnStartup(StandardContext.java:5176)
	at org.apache.catalina.core.StandardContext.startInternal(StandardContext.java:5460)
	at org.apache.catalina.util.LifecycleBase.start(LifecycleBase.java:150)
	at org.apache.catalina.core.ContainerBase$StartChild.call(ContainerBase.java:1559)
	at org.apache.catalina.core.ContainerBase$StartChild.call(ContainerBase.java:1549)
	at java.util.concurrent.FutureTask.run(FutureTask.java:266)
	at java.util.concurrent.ThreadPoolExecutor.runWorker(ThreadPoolExecutor.java:1149)
	at java.util.concurrent.ThreadPoolExecutor$Worker.run(ThreadPoolExecutor.java:624)
	at java.lang.Thread.run(Thread.java:748)
Caused by: org.springframework.beans.BeanInstantiationException: Could not instantiate bean class [com.down.ssm.servlet.DownloadController]: Constructor threw exception; nested exception is org.springframework.beans.factory.CannotLoadBeanClassException: Cannot find class [download.MyThread] for bean with name 'Down' defined in class path resource [Beans.xml]; nested exception is java.lang.ClassNotFoundException: download.MyThread
	at org.springframework.beans.BeanUtils.instantiateClass(BeanUtils.java:163)
	at org.springframework.beans.factory.support.SimpleInstantiationStrategy.instantiate(SimpleInstantiationStrategy.java:89)
	at org.springframework.beans.factory.support.AbstractAutowireCapableBeanFactory.instantiateBean(AbstractAutowireCapableBeanFactory.java:1088)
	... 29 more
Caused by: org.springframework.beans.factory.CannotLoadBeanClassException: Cannot find class [download.MyThread] for bean with name 'Down' defined in class path resource [Beans.xml]; nested exception is java.lang.ClassNotFoundException: download.MyThread
	at org.springframework.beans.factory.support.AbstractBeanFactory.resolveBeanClass(AbstractBeanFactory.java:1325)
	at org.springframework.beans.factory.support.AbstractAutowireCapableBeanFactory.createBean(AbstractAutowireCapableBeanFactory.java:453)
	at org.springframework.beans.factory.support.AbstractBeanFactory.doGetBean(AbstractBeanFactory.java:321)
	at org.springframework.beans.factory.support.AbstractBeanFactory.getBean(AbstractBeanFactory.java:193)
	at org.springframework.context.support.AbstractApplicationContext.getBean(AbstractApplicationContext.java:956)
	at com.down.ssm.servlet.DownloadController.<init>(DownloadController.java:19)
	at sun.reflect.NativeConstructorAccessorImpl.newInstance0(Native Method)
	at sun.reflect.NativeConstructorAccessorImpl.newInstance(NativeConstructorAccessorImpl.java:62)
	at sun.reflect.DelegatingConstructorAccessorImpl.newInstance(DelegatingConstructorAccessorImpl.java:45)
	at java.lang.reflect.Constructor.newInstance(Constructor.java:423)
	at org.springframework.beans.BeanUtils.instantiateClass(BeanUtils.java:147)
	... 31 more
Caused by: java.lang.ClassNotFoundException: download.MyThread
	at org.apache.catalina.loader.WebappClassLoader.loadClass(WebappClassLoader.java:1702)
	at org.apache.catalina.loader.WebappClassLoader.loadClass(WebappClassLoader.java:1547)
	at org.springframework.util.ClassUtils.forName(ClassUtils.java:246)
	at org.springframework.beans.factory.support.AbstractBeanDefinition.resolveBeanClass(AbstractBeanDefinition.java:395)
	at org.springframework.beans.factory.support.AbstractBeanFactory.doResolveBeanClass(AbstractBeanFactory.java:1346)
	at org.springframework.beans.factory.support.AbstractBeanFactory.resolveBeanClass(AbstractBeanFactory.java:1317)
	... 41 more
2021-11-02 08:59:02,093-FrameworkServlet 'HelloWeb': initialization started(org.springframework.web.servlet.DispatcherServlet:479)
2021-11-02 08:59:02,105-Refreshing WebApplicationContext for namespace 'HelloWeb-servlet': startup date [Tue Nov 02 08:59:02 CST 2021]; root of context hierarchy(org.springframework.web.context.support.XmlWebApplicationContext:510)
2021-11-02 08:59:02,129-Loading XML bean definitions from ServletContext resource [/WEB-INF/HelloWeb-servlet.xml](org.springframework.beans.factory.xml.XmlBeanDefinitionReader:316)
2021-11-02 08:59:02,278-JSR-330 'javax.inject.Inject' annotation found and supported for autowiring(org.springframework.beans.factory.annotation.AutowiredAnnotationBeanPostProcessor:153)
2021-11-02 08:59:02,291-Refreshing org.springframework.context.support.ClassPathXmlApplicationContext@5eede384: startup date [Tue Nov 02 08:59:02 CST 2021]; root of context hierarchy(org.springframework.context.support.ClassPathXmlApplicationContext:510)
2021-11-02 08:59:02,293-Loading XML bean definitions from class path resource [Beans.xml](org.springframework.beans.factory.xml.XmlBeanDefinitionReader:316)
2021-11-02 08:59:02,341-Exception encountered during context initialization - cancelling refresh attempt(org.springframework.web.context.support.XmlWebApplicationContext:487)
org.springframework.beans.factory.BeanCreationException: Error creating bean with name 'downloadController' defined in file [D:\down\Multithreaded_Download\target\classes\com\down\ssm\servlet\DownloadController.class]: Instantiation of bean failed; nested exception is org.springframework.beans.BeanInstantiationException: Could not instantiate bean class [com.down.ssm.servlet.DownloadController]: Constructor threw exception; nested exception is org.springframework.beans.factory.CannotLoadBeanClassException: Cannot find class [download.MyThread] for bean with name 'Down' defined in class path resource [Beans.xml]; nested exception is java.lang.ClassNotFoundException: download.MyThread
	at org.springframework.beans.factory.support.AbstractAutowireCapableBeanFactory.instantiateBean(AbstractAutowireCapableBeanFactory.java:1095)
	at org.springframework.beans.factory.support.AbstractAutowireCapableBeanFactory.createBeanInstance(AbstractAutowireCapableBeanFactory.java:1040)
	at org.springframework.beans.factory.support.AbstractAutowireCapableBeanFactory.doCreateBean(AbstractAutowireCapableBeanFactory.java:505)
	at org.springframework.beans.factory.support.AbstractAutowireCapableBeanFactory.createBean(AbstractAutowireCapableBeanFactory.java:476)
	at org.springframework.beans.factory.support.AbstractBeanFactory$1.getObject(AbstractBeanFactory.java:302)
	at org.springframework.beans.factory.support.DefaultSingletonBeanRegistry.getSingleton(DefaultSingletonBeanRegistry.java:229)
	at org.springframework.beans.factory.support.AbstractBeanFactory.doGetBean(AbstractBeanFactory.java:298)
	at org.springframework.beans.factory.support.AbstractBeanFactory.getBean(AbstractBeanFactory.java:193)
	at org.springframework.beans.factory.support.DefaultListableBeanFactory.preInstantiateSingletons(DefaultListableBeanFactory.java:725)
	at org.springframework.context.support.AbstractApplicationContext.finishBeanFactoryInitialization(AbstractApplicationContext.java:757)
	at org.springframework.context.support.AbstractApplicationContext.refresh(AbstractApplicationContext.java:480)
	at org.springframework.web.servlet.FrameworkServlet.configureAndRefreshWebApplicationContext(FrameworkServlet.java:658)
	at org.springframework.web.servlet.FrameworkServlet.createWebApplicationContext(FrameworkServlet.java:624)
	at org.springframework.web.servlet.FrameworkServlet.createWebApplicationContext(FrameworkServlet.java:672)
	at org.springframework.web.servlet.FrameworkServlet.initWebApplicationContext(FrameworkServlet.java:543)
	at org.springframework.web.servlet.FrameworkServlet.initServletBean(FrameworkServlet.java:484)
	at org.springframework.web.servlet.HttpServletBean.init(HttpServletBean.java:136)
	at javax.servlet.GenericServlet.init(GenericServlet.java:160)
	at org.apache.catalina.core.StandardWrapper.initServlet(StandardWrapper.java:1280)
	at org.apache.catalina.core.StandardWrapper.loadServlet(StandardWrapper.java:1193)
	at org.apache.catalina.core.StandardWrapper.load(StandardWrapper.java:1088)
	at org.apache.catalina.core.StandardContext.loadOnStartup(StandardContext.java:5176)
	at org.apache.catalina.core.StandardContext.startInternal(StandardContext.java:5460)
	at org.apache.catalina.util.LifecycleBase.start(LifecycleBase.java:150)
	at org.apache.catalina.core.ContainerBase$StartChild.call(ContainerBase.java:1559)
	at org.apache.catalina.core.ContainerBase$StartChild.call(ContainerBase.java:1549)
	at java.util.concurrent.FutureTask.run(FutureTask.java:266)
	at java.util.concurrent.ThreadPoolExecutor.runWorker(ThreadPoolExecutor.java:1149)
	at java.util.concurrent.ThreadPoolExecutor$Worker.run(ThreadPoolExecutor.java:624)
	at java.lang.Thread.run(Thread.java:748)
Caused by: org.springframework.beans.BeanInstantiationException: Could not instantiate bean class [com.down.ssm.servlet.DownloadController]: Constructor threw exception; nested exception is org.springframework.beans.factory.CannotLoadBeanClassException: Cannot find class [download.MyThread] for bean with name 'Down' defined in class path resource [Beans.xml]; nested exception is java.lang.ClassNotFoundException: download.MyThread
	at org.springframework.beans.BeanUtils.instantiateClass(BeanUtils.java:163)
	at org.springframework.beans.factory.support.SimpleInstantiationStrategy.instantiate(SimpleInstantiationStrategy.java:89)
	at org.springframework.beans.factory.support.AbstractAutowireCapableBeanFactory.instantiateBean(AbstractAutowireCapableBeanFactory.java:1088)
	... 29 more
Caused by: org.springframework.beans.factory.CannotLoadBeanClassException: Cannot find class [download.MyThread] for bean with name 'Down' defined in class path resource [Beans.xml]; nested exception is java.lang.ClassNotFoundException: download.MyThread
	at org.springframework.beans.factory.support.AbstractBeanFactory.resolveBeanClass(AbstractBeanFactory.java:1325)
	at org.springframework.beans.factory.support.AbstractAutowireCapableBeanFactory.createBean(AbstractAutowireCapableBeanFactory.java:453)
	at org.springframework.beans.factory.support.AbstractBeanFactory.doGetBean(AbstractBeanFactory.java:321)
	at org.springframework.beans.factory.support.AbstractBeanFactory.getBean(AbstractBeanFactory.java:193)
	at org.springframework.context.support.AbstractApplicationContext.getBean(AbstractApplicationContext.java:956)
	at com.down.ssm.servlet.DownloadController.<init>(DownloadController.java:19)
	at sun.reflect.NativeConstructorAccessorImpl.newInstance0(Native Method)
	at sun.reflect.NativeConstructorAccessorImpl.newInstance(NativeConstructorAccessorImpl.java:62)
	at sun.reflect.DelegatingConstructorAccessorImpl.newInstance(DelegatingConstructorAccessorImpl.java:45)
	at java.lang.reflect.Constructor.newInstance(Constructor.java:423)
	at org.springframework.beans.BeanUtils.instantiateClass(BeanUtils.java:147)
	... 31 more
Caused by: java.lang.ClassNotFoundException: download.MyThread
	at org.apache.catalina.loader.WebappClassLoader.loadClass(WebappClassLoader.java:1702)
	at org.apache.catalina.loader.WebappClassLoader.loadClass(WebappClassLoader.java:1547)
	at org.springframework.util.ClassUtils.forName(ClassUtils.java:246)
	at org.springframework.beans.factory.support.AbstractBeanDefinition.resolveBeanClass(AbstractBeanDefinition.java:395)
	at org.springframework.beans.factory.support.AbstractBeanFactory.doResolveBeanClass(AbstractBeanFactory.java:1346)
	at org.springframework.beans.factory.support.AbstractBeanFactory.resolveBeanClass(AbstractBeanFactory.java:1317)
	... 41 more
2021-11-02 08:59:02,343-Context initialization failed(org.springframework.web.servlet.DispatcherServlet:492)
org.springframework.beans.factory.BeanCreationException: Error creating bean with name 'downloadController' defined in file [D:\down\Multithreaded_Download\target\classes\com\down\ssm\servlet\DownloadController.class]: Instantiation of bean failed; nested exception is org.springframework.beans.BeanInstantiationException: Could not instantiate bean class [com.down.ssm.servlet.DownloadController]: Constructor threw exception; nested exception is org.springframework.beans.factory.CannotLoadBeanClassException: Cannot find class [download.MyThread] for bean with name 'Down' defined in class path resource [Beans.xml]; nested exception is java.lang.ClassNotFoundException: download.MyThread
	at org.springframework.beans.factory.support.AbstractAutowireCapableBeanFactory.instantiateBean(AbstractAutowireCapableBeanFactory.java:1095)
	at org.springframework.beans.factory.support.AbstractAutowireCapableBeanFactory.createBeanInstance(AbstractAutowireCapableBeanFactory.java:1040)
	at org.springframework.beans.factory.support.AbstractAutowireCapableBeanFactory.doCreateBean(AbstractAutowireCapableBeanFactory.java:505)
	at org.springframework.beans.factory.support.AbstractAutowireCapableBeanFactory.createBean(AbstractAutowireCapableBeanFactory.java:476)
	at org.springframework.beans.factory.support.AbstractBeanFactory$1.getObject(AbstractBeanFactory.java:302)
	at org.springframework.beans.factory.support.DefaultSingletonBeanRegistry.getSingleton(DefaultSingletonBeanRegistry.java:229)
	at org.springframework.beans.factory.support.AbstractBeanFactory.doGetBean(AbstractBeanFactory.java:298)
	at org.springframework.beans.factory.support.AbstractBeanFactory.getBean(AbstractBeanFactory.java:193)
	at org.springframework.beans.factory.support.DefaultListableBeanFactory.preInstantiateSingletons(DefaultListableBeanFactory.java:725)
	at org.springframework.context.support.AbstractApplicationContext.finishBeanFactoryInitialization(AbstractApplicationContext.java:757)
	at org.springframework.context.support.AbstractApplicationContext.refresh(AbstractApplicationContext.java:480)
	at org.springframework.web.servlet.FrameworkServlet.configureAndRefreshWebApplicationContext(FrameworkServlet.java:658)
	at org.springframework.web.servlet.FrameworkServlet.createWebApplicationContext(FrameworkServlet.java:624)
	at org.springframework.web.servlet.FrameworkServlet.createWebApplicationContext(FrameworkServlet.java:672)
	at org.springframework.web.servlet.FrameworkServlet.initWebApplicationContext(FrameworkServlet.java:543)
	at org.springframework.web.servlet.FrameworkServlet.initServletBean(FrameworkServlet.java:484)
	at org.springframework.web.servlet.HttpServletBean.init(HttpServletBean.java:136)
	at javax.servlet.GenericServlet.init(GenericServlet.java:160)
	at org.apache.catalina.core.StandardWrapper.initServlet(StandardWrapper.java:1280)
	at org.apache.catalina.core.StandardWrapper.loadServlet(StandardWrapper.java:1193)
	at org.apache.catalina.core.StandardWrapper.load(StandardWrapper.java:1088)
	at org.apache.catalina.core.StandardContext.loadOnStartup(StandardContext.java:5176)
	at org.apache.catalina.core.StandardContext.startInternal(StandardContext.java:5460)
	at org.apache.catalina.util.LifecycleBase.start(LifecycleBase.java:150)
	at org.apache.catalina.core.ContainerBase$StartChild.call(ContainerBase.java:1559)
	at org.apache.catalina.core.ContainerBase$StartChild.call(ContainerBase.java:1549)
	at java.util.concurrent.FutureTask.run(FutureTask.java:266)
	at java.util.concurrent.ThreadPoolExecutor.runWorker(ThreadPoolExecutor.java:1149)
	at java.util.concurrent.ThreadPoolExecutor$Worker.run(ThreadPoolExecutor.java:624)
	at java.lang.Thread.run(Thread.java:748)
Caused by: org.springframework.beans.BeanInstantiationException: Could not instantiate bean class [com.down.ssm.servlet.DownloadController]: Constructor threw exception; nested exception is org.springframework.beans.factory.CannotLoadBeanClassException: Cannot find class [download.MyThread] for bean with name 'Down' defined in class path resource [Beans.xml]; nested exception is java.lang.ClassNotFoundException: download.MyThread
	at org.springframework.beans.BeanUtils.instantiateClass(BeanUtils.java:163)
	at org.springframework.beans.factory.support.SimpleInstantiationStrategy.instantiate(SimpleInstantiationStrategy.java:89)
	at org.springframework.beans.factory.support.AbstractAutowireCapableBeanFactory.instantiateBean(AbstractAutowireCapableBeanFactory.java:1088)
	... 29 more
Caused by: org.springframework.beans.factory.CannotLoadBeanClassException: Cannot find class [download.MyThread] for bean with name 'Down' defined in class path resource [Beans.xml]; nested exception is java.lang.ClassNotFoundException: download.MyThread
	at org.springframework.beans.factory.support.AbstractBeanFactory.resolveBeanClass(AbstractBeanFactory.java:1325)
	at org.springframework.beans.factory.support.AbstractAutowireCapableBeanFactory.createBean(AbstractAutowireCapableBeanFactory.java:453)
	at org.springframework.beans.factory.support.AbstractBeanFactory.doGetBean(AbstractBeanFactory.java:321)
	at org.springframework.beans.factory.support.AbstractBeanFactory.getBean(AbstractBeanFactory.java:193)
	at org.springframework.context.support.AbstractApplicationContext.getBean(AbstractApplicationContext.java:956)
	at com.down.ssm.servlet.DownloadController.<init>(DownloadController.java:19)
	at sun.reflect.NativeConstructorAccessorImpl.newInstance0(Native Method)
	at sun.reflect.NativeConstructorAccessorImpl.newInstance(NativeConstructorAccessorImpl.java:62)
	at sun.reflect.DelegatingConstructorAccessorImpl.newInstance(DelegatingConstructorAccessorImpl.java:45)
	at java.lang.reflect.Constructor.newInstance(Constructor.java:423)
	at org.springframework.beans.BeanUtils.instantiateClass(BeanUtils.java:147)
	... 31 more
Caused by: java.lang.ClassNotFoundException: download.MyThread
	at org.apache.catalina.loader.WebappClassLoader.loadClass(WebappClassLoader.java:1702)
	at org.apache.catalina.loader.WebappClassLoader.loadClass(WebappClassLoader.java:1547)
	at org.springframework.util.ClassUtils.forName(ClassUtils.java:246)
	at org.springframework.beans.factory.support.AbstractBeanDefinition.resolveBeanClass(AbstractBeanDefinition.java:395)
	at org.springframework.beans.factory.support.AbstractBeanFactory.doResolveBeanClass(AbstractBeanFactory.java:1346)
	at org.springframework.beans.factory.support.AbstractBeanFactory.resolveBeanClass(AbstractBeanFactory.java:1317)
	... 41 more
2021-11-02 08:59:20,626-FrameworkServlet 'HelloWeb': initialization started(org.springframework.web.servlet.DispatcherServlet:479)
2021-11-02 08:59:20,640-Refreshing WebApplicationContext for namespace 'HelloWeb-servlet': startup date [Tue Nov 02 08:59:20 CST 2021]; root of context hierarchy(org.springframework.web.context.support.XmlWebApplicationContext:510)
2021-11-02 08:59:20,667-Loading XML bean definitions from ServletContext resource [/WEB-INF/HelloWeb-servlet.xml](org.springframework.beans.factory.xml.XmlBeanDefinitionReader:316)
2021-11-02 08:59:20,833-JSR-330 'javax.inject.Inject' annotation found and supported for autowiring(org.springframework.beans.factory.annotation.AutowiredAnnotationBeanPostProcessor:153)
2021-11-02 08:59:20,850-Refreshing org.springframework.context.support.ClassPathXmlApplicationContext@39abfb45: startup date [Tue Nov 02 08:59:20 CST 2021]; root of context hierarchy(org.springframework.context.support.ClassPathXmlApplicationContext:510)
2021-11-02 08:59:20,851-Loading XML bean definitions from class path resource [Beans.xml](org.springframework.beans.factory.xml.XmlBeanDefinitionReader:316)
2021-11-02 08:59:20,888-Exception encountered during context initialization - cancelling refresh attempt(org.springframework.web.context.support.XmlWebApplicationContext:487)
org.springframework.beans.factory.BeanCreationException: Error creating bean with name 'downloadController' defined in file [D:\down\Multithreaded_Download\target\classes\com\down\ssm\servlet\DownloadController.class]: Instantiation of bean failed; nested exception is org.springframework.beans.BeanInstantiationException: Could not instantiate bean class [com.down.ssm.servlet.DownloadController]: Constructor threw exception; nested exception is org.springframework.beans.factory.CannotLoadBeanClassException: Cannot find class [download.MyThread] for bean with name 'Down' defined in class path resource [Beans.xml]; nested exception is java.lang.ClassNotFoundException: download.MyThread
	at org.springframework.beans.factory.support.AbstractAutowireCapableBeanFactory.instantiateBean(AbstractAutowireCapableBeanFactory.java:1095)
	at org.springframework.beans.factory.support.AbstractAutowireCapableBeanFactory.createBeanInstance(AbstractAutowireCapableBeanFactory.java:1040)
	at org.springframework.beans.factory.support.AbstractAutowireCapableBeanFactory.doCreateBean(AbstractAutowireCapableBeanFactory.java:505)
	at org.springframework.beans.factory.support.AbstractAutowireCapableBeanFactory.createBean(AbstractAutowireCapableBeanFactory.java:476)
	at org.springframework.beans.factory.support.AbstractBeanFactory$1.getObject(AbstractBeanFactory.java:302)
	at org.springframework.beans.factory.support.DefaultSingletonBeanRegistry.getSingleton(DefaultSingletonBeanRegistry.java:229)
	at org.springframework.beans.factory.support.AbstractBeanFactory.doGetBean(AbstractBeanFactory.java:298)
	at org.springframework.beans.factory.support.AbstractBeanFactory.getBean(AbstractBeanFactory.java:193)
	at org.springframework.beans.factory.support.DefaultListableBeanFactory.preInstantiateSingletons(DefaultListableBeanFactory.java:725)
	at org.springframework.context.support.AbstractApplicationContext.finishBeanFactoryInitialization(AbstractApplicationContext.java:757)
	at org.springframework.context.support.AbstractApplicationContext.refresh(AbstractApplicationContext.java:480)
	at org.springframework.web.servlet.FrameworkServlet.configureAndRefreshWebApplicationContext(FrameworkServlet.java:658)
	at org.springframework.web.servlet.FrameworkServlet.createWebApplicationContext(FrameworkServlet.java:624)
	at org.springframework.web.servlet.FrameworkServlet.createWebApplicationContext(FrameworkServlet.java:672)
	at org.springframework.web.servlet.FrameworkServlet.initWebApplicationContext(FrameworkServlet.java:543)
	at org.springframework.web.servlet.FrameworkServlet.initServletBean(FrameworkServlet.java:484)
	at org.springframework.web.servlet.HttpServletBean.init(HttpServletBean.java:136)
	at javax.servlet.GenericServlet.init(GenericServlet.java:160)
	at org.apache.catalina.core.StandardWrapper.initServlet(StandardWrapper.java:1280)
	at org.apache.catalina.core.StandardWrapper.loadServlet(StandardWrapper.java:1193)
	at org.apache.catalina.core.StandardWrapper.load(StandardWrapper.java:1088)
	at org.apache.catalina.core.StandardContext.loadOnStartup(StandardContext.java:5176)
	at org.apache.catalina.core.StandardContext.startInternal(StandardContext.java:5460)
	at org.apache.catalina.util.LifecycleBase.start(LifecycleBase.java:150)
	at org.apache.catalina.core.ContainerBase$StartChild.call(ContainerBase.java:1559)
	at org.apache.catalina.core.ContainerBase$StartChild.call(ContainerBase.java:1549)
	at java.util.concurrent.FutureTask.run(FutureTask.java:266)
	at java.util.concurrent.ThreadPoolExecutor.runWorker(ThreadPoolExecutor.java:1149)
	at java.util.concurrent.ThreadPoolExecutor$Worker.run(ThreadPoolExecutor.java:624)
	at java.lang.Thread.run(Thread.java:748)
Caused by: org.springframework.beans.BeanInstantiationException: Could not instantiate bean class [com.down.ssm.servlet.DownloadController]: Constructor threw exception; nested exception is org.springframework.beans.factory.CannotLoadBeanClassException: Cannot find class [download.MyThread] for bean with name 'Down' defined in class path resource [Beans.xml]; nested exception is java.lang.ClassNotFoundException: download.MyThread
	at org.springframework.beans.BeanUtils.instantiateClass(BeanUtils.java:163)
	at org.springframework.beans.factory.support.SimpleInstantiationStrategy.instantiate(SimpleInstantiationStrategy.java:89)
	at org.springframework.beans.factory.support.AbstractAutowireCapableBeanFactory.instantiateBean(AbstractAutowireCapableBeanFactory.java:1088)
	... 29 more
Caused by: org.springframework.beans.factory.CannotLoadBeanClassException: Cannot find class [download.MyThread] for bean with name 'Down' defined in class path resource [Beans.xml]; nested exception is java.lang.ClassNotFoundException: download.MyThread
	at org.springframework.beans.factory.support.AbstractBeanFactory.resolveBeanClass(AbstractBeanFactory.java:1325)
	at org.springframework.beans.factory.support.AbstractAutowireCapableBeanFactory.createBean(AbstractAutowireCapableBeanFactory.java:453)
	at org.springframework.beans.factory.support.AbstractBeanFactory.doGetBean(AbstractBeanFactory.java:321)
	at org.springframework.beans.factory.support.AbstractBeanFactory.getBean(AbstractBeanFactory.java:193)
	at org.springframework.context.support.AbstractApplicationContext.getBean(AbstractApplicationContext.java:956)
	at com.down.ssm.servlet.DownloadController.<init>(DownloadController.java:19)
	at sun.reflect.NativeConstructorAccessorImpl.newInstance0(Native Method)
	at sun.reflect.NativeConstructorAccessorImpl.newInstance(NativeConstructorAccessorImpl.java:62)
	at sun.reflect.DelegatingConstructorAccessorImpl.newInstance(DelegatingConstructorAccessorImpl.java:45)
	at java.lang.reflect.Constructor.newInstance(Constructor.java:423)
	at org.springframework.beans.BeanUtils.instantiateClass(BeanUtils.java:147)
	... 31 more
Caused by: java.lang.ClassNotFoundException: download.MyThread
	at org.apache.catalina.loader.WebappClassLoader.loadClass(WebappClassLoader.java:1702)
	at org.apache.catalina.loader.WebappClassLoader.loadClass(WebappClassLoader.java:1547)
	at org.springframework.util.ClassUtils.forName(ClassUtils.java:246)
	at org.springframework.beans.factory.support.AbstractBeanDefinition.resolveBeanClass(AbstractBeanDefinition.java:395)
	at org.springframework.beans.factory.support.AbstractBeanFactory.doResolveBeanClass(AbstractBeanFactory.java:1346)
	at org.springframework.beans.factory.support.AbstractBeanFactory.resolveBeanClass(AbstractBeanFactory.java:1317)
	... 41 more
2021-11-02 08:59:20,889-Context initialization failed(org.springframework.web.servlet.DispatcherServlet:492)
org.springframework.beans.factory.BeanCreationException: Error creating bean with name 'downloadController' defined in file [D:\down\Multithreaded_Download\target\classes\com\down\ssm\servlet\DownloadController.class]: Instantiation of bean failed; nested exception is org.springframework.beans.BeanInstantiationException: Could not instantiate bean class [com.down.ssm.servlet.DownloadController]: Constructor threw exception; nested exception is org.springframework.beans.factory.CannotLoadBeanClassException: Cannot find class [download.MyThread] for bean with name 'Down' defined in class path resource [Beans.xml]; nested exception is java.lang.ClassNotFoundException: download.MyThread
	at org.springframework.beans.factory.support.AbstractAutowireCapableBeanFactory.instantiateBean(AbstractAutowireCapableBeanFactory.java:1095)
	at org.springframework.beans.factory.support.AbstractAutowireCapableBeanFactory.createBeanInstance(AbstractAutowireCapableBeanFactory.java:1040)
	at org.springframework.beans.factory.support.AbstractAutowireCapableBeanFactory.doCreateBean(AbstractAutowireCapableBeanFactory.java:505)
	at org.springframework.beans.factory.support.AbstractAutowireCapableBeanFactory.createBean(AbstractAutowireCapableBeanFactory.java:476)
	at org.springframework.beans.factory.support.AbstractBeanFactory$1.getObject(AbstractBeanFactory.java:302)
	at org.springframework.beans.factory.support.DefaultSingletonBeanRegistry.getSingleton(DefaultSingletonBeanRegistry.java:229)
	at org.springframework.beans.factory.support.AbstractBeanFactory.doGetBean(AbstractBeanFactory.java:298)
	at org.springframework.beans.factory.support.AbstractBeanFactory.getBean(AbstractBeanFactory.java:193)
	at org.springframework.beans.factory.support.DefaultListableBeanFactory.preInstantiateSingletons(DefaultListableBeanFactory.java:725)
	at org.springframework.context.support.AbstractApplicationContext.finishBeanFactoryInitialization(AbstractApplicationContext.java:757)
	at org.springframework.context.support.AbstractApplicationContext.refresh(AbstractApplicationContext.java:480)
	at org.springframework.web.servlet.FrameworkServlet.configureAndRefreshWebApplicationContext(FrameworkServlet.java:658)
	at org.springframework.web.servlet.FrameworkServlet.createWebApplicationContext(FrameworkServlet.java:624)
	at org.springframework.web.servlet.FrameworkServlet.createWebApplicationContext(FrameworkServlet.java:672)
	at org.springframework.web.servlet.FrameworkServlet.initWebApplicationContext(FrameworkServlet.java:543)
	at org.springframework.web.servlet.FrameworkServlet.initServletBean(FrameworkServlet.java:484)
	at org.springframework.web.servlet.HttpServletBean.init(HttpServletBean.java:136)
	at javax.servlet.GenericServlet.init(GenericServlet.java:160)
	at org.apache.catalina.core.StandardWrapper.initServlet(StandardWrapper.java:1280)
	at org.apache.catalina.core.StandardWrapper.loadServlet(StandardWrapper.java:1193)
	at org.apache.catalina.core.StandardWrapper.load(StandardWrapper.java:1088)
	at org.apache.catalina.core.StandardContext.loadOnStartup(StandardContext.java:5176)
	at org.apache.catalina.core.StandardContext.startInternal(StandardContext.java:5460)
	at org.apache.catalina.util.LifecycleBase.start(LifecycleBase.java:150)
	at org.apache.catalina.core.ContainerBase$StartChild.call(ContainerBase.java:1559)
	at org.apache.catalina.core.ContainerBase$StartChild.call(ContainerBase.java:1549)
	at java.util.concurrent.FutureTask.run(FutureTask.java:266)
	at java.util.concurrent.ThreadPoolExecutor.runWorker(ThreadPoolExecutor.java:1149)
	at java.util.concurrent.ThreadPoolExecutor$Worker.run(ThreadPoolExecutor.java:624)
	at java.lang.Thread.run(Thread.java:748)
Caused by: org.springframework.beans.BeanInstantiationException: Could not instantiate bean class [com.down.ssm.servlet.DownloadController]: Constructor threw exception; nested exception is org.springframework.beans.factory.CannotLoadBeanClassException: Cannot find class [download.MyThread] for bean with name 'Down' defined in class path resource [Beans.xml]; nested exception is java.lang.ClassNotFoundException: download.MyThread
	at org.springframework.beans.BeanUtils.instantiateClass(BeanUtils.java:163)
	at org.springframework.beans.factory.support.SimpleInstantiationStrategy.instantiate(SimpleInstantiationStrategy.java:89)
	at org.springframework.beans.factory.support.AbstractAutowireCapableBeanFactory.instantiateBean(AbstractAutowireCapableBeanFactory.java:1088)
	... 29 more
Caused by: org.springframework.beans.factory.CannotLoadBeanClassException: Cannot find class [download.MyThread] for bean with name 'Down' defined in class path resource [Beans.xml]; nested exception is java.lang.ClassNotFoundException: download.MyThread
	at org.springframework.beans.factory.support.AbstractBeanFactory.resolveBeanClass(AbstractBeanFactory.java:1325)
	at org.springframework.beans.factory.support.AbstractAutowireCapableBeanFactory.createBean(AbstractAutowireCapableBeanFactory.java:453)
	at org.springframework.beans.factory.support.AbstractBeanFactory.doGetBean(AbstractBeanFactory.java:321)
	at org.springframework.beans.factory.support.AbstractBeanFactory.getBean(AbstractBeanFactory.java:193)
	at org.springframework.context.support.AbstractApplicationContext.getBean(AbstractApplicationContext.java:956)
	at com.down.ssm.servlet.DownloadController.<init>(DownloadController.java:19)
	at sun.reflect.NativeConstructorAccessorImpl.newInstance0(Native Method)
	at sun.reflect.NativeConstructorAccessorImpl.newInstance(NativeConstructorAccessorImpl.java:62)
	at sun.reflect.DelegatingConstructorAccessorImpl.newInstance(DelegatingConstructorAccessorImpl.java:45)
	at java.lang.reflect.Constructor.newInstance(Constructor.java:423)
	at org.springframework.beans.BeanUtils.instantiateClass(BeanUtils.java:147)
	... 31 more
Caused by: java.lang.ClassNotFoundException: download.MyThread
	at org.apache.catalina.loader.WebappClassLoader.loadClass(WebappClassLoader.java:1702)
	at org.apache.catalina.loader.WebappClassLoader.loadClass(WebappClassLoader.java:1547)
	at org.springframework.util.ClassUtils.forName(ClassUtils.java:246)
	at org.springframework.beans.factory.support.AbstractBeanDefinition.resolveBeanClass(AbstractBeanDefinition.java:395)
	at org.springframework.beans.factory.support.AbstractBeanFactory.doResolveBeanClass(AbstractBeanFactory.java:1346)
	at org.springframework.beans.factory.support.AbstractBeanFactory.resolveBeanClass(AbstractBeanFactory.java:1317)
	... 41 more
2021-11-02 09:00:26,624-FrameworkServlet 'HelloWeb': initialization started(org.springframework.web.servlet.DispatcherServlet:479)
2021-11-02 09:00:26,637-Refreshing WebApplicationContext for namespace 'HelloWeb-servlet': startup date [Tue Nov 02 09:00:26 CST 2021]; root of context hierarchy(org.springframework.web.context.support.XmlWebApplicationContext:510)
2021-11-02 09:00:26,664-Loading XML bean definitions from ServletContext resource [/WEB-INF/HelloWeb-servlet.xml](org.springframework.beans.factory.xml.XmlBeanDefinitionReader:316)
2021-11-02 09:00:26,816-JSR-330 'javax.inject.Inject' annotation found and supported for autowiring(org.springframework.beans.factory.annotation.AutowiredAnnotationBeanPostProcessor:153)
2021-11-02 09:00:26,832-Refreshing org.springframework.context.support.ClassPathXmlApplicationContext@3961fe03: startup date [Tue Nov 02 09:00:26 CST 2021]; root of context hierarchy(org.springframework.context.support.ClassPathXmlApplicationContext:510)
2021-11-02 09:00:26,834-Loading XML bean definitions from class path resource [Beans.xml](org.springframework.beans.factory.xml.XmlBeanDefinitionReader:316)
2021-11-02 09:00:26,883-Exception encountered during context initialization - cancelling refresh attempt(org.springframework.web.context.support.XmlWebApplicationContext:487)
org.springframework.beans.factory.BeanCreationException: Error creating bean with name 'downloadController' defined in file [D:\down\Multithreaded_Download\target\classes\com\down\ssm\servlet\DownloadController.class]: Instantiation of bean failed; nested exception is org.springframework.beans.BeanInstantiationException: Could not instantiate bean class [com.down.ssm.servlet.DownloadController]: Constructor threw exception; nested exception is org.springframework.beans.factory.CannotLoadBeanClassException: Cannot find class [download.MyThread] for bean with name 'Down' defined in class path resource [Beans.xml]; nested exception is java.lang.ClassNotFoundException: download.MyThread
	at org.springframework.beans.factory.support.AbstractAutowireCapableBeanFactory.instantiateBean(AbstractAutowireCapableBeanFactory.java:1095)
	at org.springframework.beans.factory.support.AbstractAutowireCapableBeanFactory.createBeanInstance(AbstractAutowireCapableBeanFactory.java:1040)
	at org.springframework.beans.factory.support.AbstractAutowireCapableBeanFactory.doCreateBean(AbstractAutowireCapableBeanFactory.java:505)
	at org.springframework.beans.factory.support.AbstractAutowireCapableBeanFactory.createBean(AbstractAutowireCapableBeanFactory.java:476)
	at org.springframework.beans.factory.support.AbstractBeanFactory$1.getObject(AbstractBeanFactory.java:302)
	at org.springframework.beans.factory.support.DefaultSingletonBeanRegistry.getSingleton(DefaultSingletonBeanRegistry.java:229)
	at org.springframework.beans.factory.support.AbstractBeanFactory.doGetBean(AbstractBeanFactory.java:298)
	at org.springframework.beans.factory.support.AbstractBeanFactory.getBean(AbstractBeanFactory.java:193)
	at org.springframework.beans.factory.support.DefaultListableBeanFactory.preInstantiateSingletons(DefaultListableBeanFactory.java:725)
	at org.springframework.context.support.AbstractApplicationContext.finishBeanFactoryInitialization(AbstractApplicationContext.java:757)
	at org.springframework.context.support.AbstractApplicationContext.refresh(AbstractApplicationContext.java:480)
	at org.springframework.web.servlet.FrameworkServlet.configureAndRefreshWebApplicationContext(FrameworkServlet.java:658)
	at org.springframework.web.servlet.FrameworkServlet.createWebApplicationContext(FrameworkServlet.java:624)
	at org.springframework.web.servlet.FrameworkServlet.createWebApplicationContext(FrameworkServlet.java:672)
	at org.springframework.web.servlet.FrameworkServlet.initWebApplicationContext(FrameworkServlet.java:543)
	at org.springframework.web.servlet.FrameworkServlet.initServletBean(FrameworkServlet.java:484)
	at org.springframework.web.servlet.HttpServletBean.init(HttpServletBean.java:136)
	at javax.servlet.GenericServlet.init(GenericServlet.java:160)
	at org.apache.catalina.core.StandardWrapper.initServlet(StandardWrapper.java:1280)
	at org.apache.catalina.core.StandardWrapper.loadServlet(StandardWrapper.java:1193)
	at org.apache.catalina.core.StandardWrapper.load(StandardWrapper.java:1088)
	at org.apache.catalina.core.StandardContext.loadOnStartup(StandardContext.java:5176)
	at org.apache.catalina.core.StandardContext.startInternal(StandardContext.java:5460)
	at org.apache.catalina.util.LifecycleBase.start(LifecycleBase.java:150)
	at org.apache.catalina.core.ContainerBase$StartChild.call(ContainerBase.java:1559)
	at org.apache.catalina.core.ContainerBase$StartChild.call(ContainerBase.java:1549)
	at java.util.concurrent.FutureTask.run(FutureTask.java:266)
	at java.util.concurrent.ThreadPoolExecutor.runWorker(ThreadPoolExecutor.java:1149)
	at java.util.concurrent.ThreadPoolExecutor$Worker.run(ThreadPoolExecutor.java:624)
	at java.lang.Thread.run(Thread.java:748)
Caused by: org.springframework.beans.BeanInstantiationException: Could not instantiate bean class [com.down.ssm.servlet.DownloadController]: Constructor threw exception; nested exception is org.springframework.beans.factory.CannotLoadBeanClassException: Cannot find class [download.MyThread] for bean with name 'Down' defined in class path resource [Beans.xml]; nested exception is java.lang.ClassNotFoundException: download.MyThread
	at org.springframework.beans.BeanUtils.instantiateClass(BeanUtils.java:163)
	at org.springframework.beans.factory.support.SimpleInstantiationStrategy.instantiate(SimpleInstantiationStrategy.java:89)
	at org.springframework.beans.factory.support.AbstractAutowireCapableBeanFactory.instantiateBean(AbstractAutowireCapableBeanFactory.java:1088)
	... 29 more
Caused by: org.springframework.beans.factory.CannotLoadBeanClassException: Cannot find class [download.MyThread] for bean with name 'Down' defined in class path resource [Beans.xml]; nested exception is java.lang.ClassNotFoundException: download.MyThread
	at org.springframework.beans.factory.support.AbstractBeanFactory.resolveBeanClass(AbstractBeanFactory.java:1325)
	at org.springframework.beans.factory.support.AbstractAutowireCapableBeanFactory.createBean(AbstractAutowireCapableBeanFactory.java:453)
	at org.springframework.beans.factory.support.AbstractBeanFactory.doGetBean(AbstractBeanFactory.java:321)
	at org.springframework.beans.factory.support.AbstractBeanFactory.getBean(AbstractBeanFactory.java:193)
	at org.springframework.context.support.AbstractApplicationContext.getBean(AbstractApplicationContext.java:956)
	at com.down.ssm.servlet.DownloadController.<init>(DownloadController.java:19)
	at sun.reflect.NativeConstructorAccessorImpl.newInstance0(Native Method)
	at sun.reflect.NativeConstructorAccessorImpl.newInstance(NativeConstructorAccessorImpl.java:62)
	at sun.reflect.DelegatingConstructorAccessorImpl.newInstance(DelegatingConstructorAccessorImpl.java:45)
	at java.lang.reflect.Constructor.newInstance(Constructor.java:423)
	at org.springframework.beans.BeanUtils.instantiateClass(BeanUtils.java:147)
	... 31 more
Caused by: java.lang.ClassNotFoundException: download.MyThread
	at org.apache.catalina.loader.WebappClassLoader.loadClass(WebappClassLoader.java:1702)
	at org.apache.catalina.loader.WebappClassLoader.loadClass(WebappClassLoader.java:1547)
	at org.springframework.util.ClassUtils.forName(ClassUtils.java:246)
	at org.springframework.beans.factory.support.AbstractBeanDefinition.resolveBeanClass(AbstractBeanDefinition.java:395)
	at org.springframework.beans.factory.support.AbstractBeanFactory.doResolveBeanClass(AbstractBeanFactory.java:1346)
	at org.springframework.beans.factory.support.AbstractBeanFactory.resolveBeanClass(AbstractBeanFactory.java:1317)
	... 41 more
2021-11-02 09:00:26,885-Context initialization failed(org.springframework.web.servlet.DispatcherServlet:492)
org.springframework.beans.factory.BeanCreationException: Error creating bean with name 'downloadController' defined in file [D:\down\Multithreaded_Download\target\classes\com\down\ssm\servlet\DownloadController.class]: Instantiation of bean failed; nested exception is org.springframework.beans.BeanInstantiationException: Could not instantiate bean class [com.down.ssm.servlet.DownloadController]: Constructor threw exception; nested exception is org.springframework.beans.factory.CannotLoadBeanClassException: Cannot find class [download.MyThread] for bean with name 'Down' defined in class path resource [Beans.xml]; nested exception is java.lang.ClassNotFoundException: download.MyThread
	at org.springframework.beans.factory.support.AbstractAutowireCapableBeanFactory.instantiateBean(AbstractAutowireCapableBeanFactory.java:1095)
	at org.springframework.beans.factory.support.AbstractAutowireCapableBeanFactory.createBeanInstance(AbstractAutowireCapableBeanFactory.java:1040)
	at org.springframework.beans.factory.support.AbstractAutowireCapableBeanFactory.doCreateBean(AbstractAutowireCapableBeanFactory.java:505)
	at org.springframework.beans.factory.support.AbstractAutowireCapableBeanFactory.createBean(AbstractAutowireCapableBeanFactory.java:476)
	at org.springframework.beans.factory.support.AbstractBeanFactory$1.getObject(AbstractBeanFactory.java:302)
	at org.springframework.beans.factory.support.DefaultSingletonBeanRegistry.getSingleton(DefaultSingletonBeanRegistry.java:229)
	at org.springframework.beans.factory.support.AbstractBeanFactory.doGetBean(AbstractBeanFactory.java:298)
	at org.springframework.beans.factory.support.AbstractBeanFactory.getBean(AbstractBeanFactory.java:193)
	at org.springframework.beans.factory.support.DefaultListableBeanFactory.preInstantiateSingletons(DefaultListableBeanFactory.java:725)
	at org.springframework.context.support.AbstractApplicationContext.finishBeanFactoryInitialization(AbstractApplicationContext.java:757)
	at org.springframework.context.support.AbstractApplicationContext.refresh(AbstractApplicationContext.java:480)
	at org.springframework.web.servlet.FrameworkServlet.configureAndRefreshWebApplicationContext(FrameworkServlet.java:658)
	at org.springframework.web.servlet.FrameworkServlet.createWebApplicationContext(FrameworkServlet.java:624)
	at org.springframework.web.servlet.FrameworkServlet.createWebApplicationContext(FrameworkServlet.java:672)
	at org.springframework.web.servlet.FrameworkServlet.initWebApplicationContext(FrameworkServlet.java:543)
	at org.springframework.web.servlet.FrameworkServlet.initServletBean(FrameworkServlet.java:484)
	at org.springframework.web.servlet.HttpServletBean.init(HttpServletBean.java:136)
	at javax.servlet.GenericServlet.init(GenericServlet.java:160)
	at org.apache.catalina.core.StandardWrapper.initServlet(StandardWrapper.java:1280)
	at org.apache.catalina.core.StandardWrapper.loadServlet(StandardWrapper.java:1193)
	at org.apache.catalina.core.StandardWrapper.load(StandardWrapper.java:1088)
	at org.apache.catalina.core.StandardContext.loadOnStartup(StandardContext.java:5176)
	at org.apache.catalina.core.StandardContext.startInternal(StandardContext.java:5460)
	at org.apache.catalina.util.LifecycleBase.start(LifecycleBase.java:150)
	at org.apache.catalina.core.ContainerBase$StartChild.call(ContainerBase.java:1559)
	at org.apache.catalina.core.ContainerBase$StartChild.call(ContainerBase.java:1549)
	at java.util.concurrent.FutureTask.run(FutureTask.java:266)
	at java.util.concurrent.ThreadPoolExecutor.runWorker(ThreadPoolExecutor.java:1149)
	at java.util.concurrent.ThreadPoolExecutor$Worker.run(ThreadPoolExecutor.java:624)
	at java.lang.Thread.run(Thread.java:748)
Caused by: org.springframework.beans.BeanInstantiationException: Could not instantiate bean class [com.down.ssm.servlet.DownloadController]: Constructor threw exception; nested exception is org.springframework.beans.factory.CannotLoadBeanClassException: Cannot find class [download.MyThread] for bean with name 'Down' defined in class path resource [Beans.xml]; nested exception is java.lang.ClassNotFoundException: download.MyThread
	at org.springframework.beans.BeanUtils.instantiateClass(BeanUtils.java:163)
	at org.springframework.beans.factory.support.SimpleInstantiationStrategy.instantiate(SimpleInstantiationStrategy.java:89)
	at org.springframework.beans.factory.support.AbstractAutowireCapableBeanFactory.instantiateBean(AbstractAutowireCapableBeanFactory.java:1088)
	... 29 more
Caused by: org.springframework.beans.factory.CannotLoadBeanClassException: Cannot find class [download.MyThread] for bean with name 'Down' defined in class path resource [Beans.xml]; nested exception is java.lang.ClassNotFoundException: download.MyThread
	at org.springframework.beans.factory.support.AbstractBeanFactory.resolveBeanClass(AbstractBeanFactory.java:1325)
	at org.springframework.beans.factory.support.AbstractAutowireCapableBeanFactory.createBean(AbstractAutowireCapableBeanFactory.java:453)
	at org.springframework.beans.factory.support.AbstractBeanFactory.doGetBean(AbstractBeanFactory.java:321)
	at org.springframework.beans.factory.support.AbstractBeanFactory.getBean(AbstractBeanFactory.java:193)
	at org.springframework.context.support.AbstractApplicationContext.getBean(AbstractApplicationContext.java:956)
	at com.down.ssm.servlet.DownloadController.<init>(DownloadController.java:19)
	at sun.reflect.NativeConstructorAccessorImpl.newInstance0(Native Method)
	at sun.reflect.NativeConstructorAccessorImpl.newInstance(NativeConstructorAccessorImpl.java:62)
	at sun.reflect.DelegatingConstructorAccessorImpl.newInstance(DelegatingConstructorAccessorImpl.java:45)
	at java.lang.reflect.Constructor.newInstance(Constructor.java:423)
	at org.springframework.beans.BeanUtils.instantiateClass(BeanUtils.java:147)
	... 31 more
Caused by: java.lang.ClassNotFoundException: download.MyThread
	at org.apache.catalina.loader.WebappClassLoader.loadClass(WebappClassLoader.java:1702)
	at org.apache.catalina.loader.WebappClassLoader.loadClass(WebappClassLoader.java:1547)
	at org.springframework.util.ClassUtils.forName(ClassUtils.java:246)
	at org.springframework.beans.factory.support.AbstractBeanDefinition.resolveBeanClass(AbstractBeanDefinition.java:395)
	at org.springframework.beans.factory.support.AbstractBeanFactory.doResolveBeanClass(AbstractBeanFactory.java:1346)
	at org.springframework.beans.factory.support.AbstractBeanFactory.resolveBeanClass(AbstractBeanFactory.java:1317)
	... 41 more
2021-11-02 09:02:29,333-FrameworkServlet 'HelloWeb': initialization started(org.springframework.web.servlet.DispatcherServlet:479)
2021-11-02 09:02:29,334-Refreshing WebApplicationContext for namespace 'HelloWeb-servlet': startup date [Tue Nov 02 09:02:29 CST 2021]; root of context hierarchy(org.springframework.web.context.support.XmlWebApplicationContext:510)
2021-11-02 09:02:29,335-Loading XML bean definitions from ServletContext resource [/WEB-INF/HelloWeb-servlet.xml](org.springframework.beans.factory.xml.XmlBeanDefinitionReader:316)
2021-11-02 09:02:29,390-JSR-330 'javax.inject.Inject' annotation found and supported for autowiring(org.springframework.beans.factory.annotation.AutowiredAnnotationBeanPostProcessor:153)
2021-11-02 09:02:29,396-Refreshing org.springframework.context.support.ClassPathXmlApplicationContext@471d1f0f: startup date [Tue Nov 02 09:02:29 CST 2021]; root of context hierarchy(org.springframework.context.support.ClassPathXmlApplicationContext:510)
2021-11-02 09:02:29,397-Loading XML bean definitions from class path resource [Beans.xml](org.springframework.beans.factory.xml.XmlBeanDefinitionReader:316)
2021-11-02 09:02:29,429-Exception encountered during context initialization - cancelling refresh attempt(org.springframework.web.context.support.XmlWebApplicationContext:487)
org.springframework.beans.factory.BeanCreationException: Error creating bean with name 'downloadController' defined in file [D:\down\Multithreaded_Download\target\classes\com\down\ssm\servlet\DownloadController.class]: Instantiation of bean failed; nested exception is org.springframework.beans.BeanInstantiationException: Could not instantiate bean class [com.down.ssm.servlet.DownloadController]: Constructor threw exception; nested exception is org.springframework.beans.factory.CannotLoadBeanClassException: Cannot find class [download.MyThread] for bean with name 'Down' defined in class path resource [Beans.xml]; nested exception is java.lang.ClassNotFoundException: download.MyThread
	at org.springframework.beans.factory.support.AbstractAutowireCapableBeanFactory.instantiateBean(AbstractAutowireCapableBeanFactory.java:1095)
	at org.springframework.beans.factory.support.AbstractAutowireCapableBeanFactory.createBeanInstance(AbstractAutowireCapableBeanFactory.java:1040)
	at org.springframework.beans.factory.support.AbstractAutowireCapableBeanFactory.doCreateBean(AbstractAutowireCapableBeanFactory.java:505)
	at org.springframework.beans.factory.support.AbstractAutowireCapableBeanFactory.createBean(AbstractAutowireCapableBeanFactory.java:476)
	at org.springframework.beans.factory.support.AbstractBeanFactory$1.getObject(AbstractBeanFactory.java:302)
	at org.springframework.beans.factory.support.DefaultSingletonBeanRegistry.getSingleton(DefaultSingletonBeanRegistry.java:229)
	at org.springframework.beans.factory.support.AbstractBeanFactory.doGetBean(AbstractBeanFactory.java:298)
	at org.springframework.beans.factory.support.AbstractBeanFactory.getBean(AbstractBeanFactory.java:193)
	at org.springframework.beans.factory.support.DefaultListableBeanFactory.preInstantiateSingletons(DefaultListableBeanFactory.java:725)
	at org.springframework.context.support.AbstractApplicationContext.finishBeanFactoryInitialization(AbstractApplicationContext.java:757)
	at org.springframework.context.support.AbstractApplicationContext.refresh(AbstractApplicationContext.java:480)
	at org.springframework.web.servlet.FrameworkServlet.configureAndRefreshWebApplicationContext(FrameworkServlet.java:658)
	at org.springframework.web.servlet.FrameworkServlet.createWebApplicationContext(FrameworkServlet.java:624)
	at org.springframework.web.servlet.FrameworkServlet.createWebApplicationContext(FrameworkServlet.java:672)
	at org.springframework.web.servlet.FrameworkServlet.initWebApplicationContext(FrameworkServlet.java:543)
	at org.springframework.web.servlet.FrameworkServlet.initServletBean(FrameworkServlet.java:484)
	at org.springframework.web.servlet.HttpServletBean.init(HttpServletBean.java:136)
	at javax.servlet.GenericServlet.init(GenericServlet.java:160)
	at org.apache.catalina.core.StandardWrapper.initServlet(StandardWrapper.java:1280)
	at org.apache.catalina.core.StandardWrapper.loadServlet(StandardWrapper.java:1193)
	at org.apache.catalina.core.StandardWrapper.allocate(StandardWrapper.java:865)
	at org.apache.catalina.core.StandardWrapperValve.invoke(StandardWrapperValve.java:136)
	at org.apache.catalina.core.StandardContextValve.invoke(StandardContextValve.java:123)
	at org.apache.catalina.authenticator.AuthenticatorBase.invoke(AuthenticatorBase.java:502)
	at org.apache.catalina.core.StandardHostValve.invoke(StandardHostValve.java:171)
	at org.apache.catalina.valves.ErrorReportValve.invoke(ErrorReportValve.java:100)
	at org.apache.catalina.valves.AccessLogValve.invoke(AccessLogValve.java:953)
	at org.apache.catalina.core.StandardEngineValve.invoke(StandardEngineValve.java:118)
	at org.apache.catalina.connector.CoyoteAdapter.service(CoyoteAdapter.java:408)
	at org.apache.coyote.http11.AbstractHttp11Processor.process(AbstractHttp11Processor.java:1041)
	at org.apache.coyote.AbstractProtocol$AbstractConnectionHandler.process(AbstractProtocol.java:603)
	at org.apache.tomcat.util.net.JIoEndpoint$SocketProcessor.run(JIoEndpoint.java:310)
	at java.util.concurrent.ThreadPoolExecutor.runWorker(ThreadPoolExecutor.java:1149)
	at java.util.concurrent.ThreadPoolExecutor$Worker.run(ThreadPoolExecutor.java:624)
	at java.lang.Thread.run(Thread.java:748)
Caused by: org.springframework.beans.BeanInstantiationException: Could not instantiate bean class [com.down.ssm.servlet.DownloadController]: Constructor threw exception; nested exception is org.springframework.beans.factory.CannotLoadBeanClassException: Cannot find class [download.MyThread] for bean with name 'Down' defined in class path resource [Beans.xml]; nested exception is java.lang.ClassNotFoundException: download.MyThread
	at org.springframework.beans.BeanUtils.instantiateClass(BeanUtils.java:163)
	at org.springframework.beans.factory.support.SimpleInstantiationStrategy.instantiate(SimpleInstantiationStrategy.java:89)
	at org.springframework.beans.factory.support.AbstractAutowireCapableBeanFactory.instantiateBean(AbstractAutowireCapableBeanFactory.java:1088)
	... 34 more
Caused by: org.springframework.beans.factory.CannotLoadBeanClassException: Cannot find class [download.MyThread] for bean with name 'Down' defined in class path resource [Beans.xml]; nested exception is java.lang.ClassNotFoundException: download.MyThread
	at org.springframework.beans.factory.support.AbstractBeanFactory.resolveBeanClass(AbstractBeanFactory.java:1325)
	at org.springframework.beans.factory.support.AbstractAutowireCapableBeanFactory.createBean(AbstractAutowireCapableBeanFactory.java:453)
	at org.springframework.beans.factory.support.AbstractBeanFactory.doGetBean(AbstractBeanFactory.java:321)
	at org.springframework.beans.factory.support.AbstractBeanFactory.getBean(AbstractBeanFactory.java:193)
	at org.springframework.context.support.AbstractApplicationContext.getBean(AbstractApplicationContext.java:956)
	at com.down.ssm.servlet.DownloadController.<init>(DownloadController.java:19)
	at sun.reflect.NativeConstructorAccessorImpl.newInstance0(Native Method)
	at sun.reflect.NativeConstructorAccessorImpl.newInstance(NativeConstructorAccessorImpl.java:62)
	at sun.reflect.DelegatingConstructorAccessorImpl.newInstance(DelegatingConstructorAccessorImpl.java:45)
	at java.lang.reflect.Constructor.newInstance(Constructor.java:423)
	at org.springframework.beans.BeanUtils.instantiateClass(BeanUtils.java:147)
	... 36 more
Caused by: java.lang.ClassNotFoundException: download.MyThread
	at org.apache.catalina.loader.WebappClassLoader.loadClass(WebappClassLoader.java:1702)
	at org.apache.catalina.loader.WebappClassLoader.loadClass(WebappClassLoader.java:1547)
	at org.springframework.util.ClassUtils.forName(ClassUtils.java:246)
	at org.springframework.beans.factory.support.AbstractBeanDefinition.resolveBeanClass(AbstractBeanDefinition.java:395)
	at org.springframework.beans.factory.support.AbstractBeanFactory.doResolveBeanClass(AbstractBeanFactory.java:1346)
	at org.springframework.beans.factory.support.AbstractBeanFactory.resolveBeanClass(AbstractBeanFactory.java:1317)
	... 46 more
2021-11-02 09:02:29,430-Context initialization failed(org.springframework.web.servlet.DispatcherServlet:492)
org.springframework.beans.factory.BeanCreationException: Error creating bean with name 'downloadController' defined in file [D:\down\Multithreaded_Download\target\classes\com\down\ssm\servlet\DownloadController.class]: Instantiation of bean failed; nested exception is org.springframework.beans.BeanInstantiationException: Could not instantiate bean class [com.down.ssm.servlet.DownloadController]: Constructor threw exception; nested exception is org.springframework.beans.factory.CannotLoadBeanClassException: Cannot find class [download.MyThread] for bean with name 'Down' defined in class path resource [Beans.xml]; nested exception is java.lang.ClassNotFoundException: download.MyThread
	at org.springframework.beans.factory.support.AbstractAutowireCapableBeanFactory.instantiateBean(AbstractAutowireCapableBeanFactory.java:1095)
	at org.springframework.beans.factory.support.AbstractAutowireCapableBeanFactory.createBeanInstance(AbstractAutowireCapableBeanFactory.java:1040)
	at org.springframework.beans.factory.support.AbstractAutowireCapableBeanFactory.doCreateBean(AbstractAutowireCapableBeanFactory.java:505)
	at org.springframework.beans.factory.support.AbstractAutowireCapableBeanFactory.createBean(AbstractAutowireCapableBeanFactory.java:476)
	at org.springframework.beans.factory.support.AbstractBeanFactory$1.getObject(AbstractBeanFactory.java:302)
	at org.springframework.beans.factory.support.DefaultSingletonBeanRegistry.getSingleton(DefaultSingletonBeanRegistry.java:229)
	at org.springframework.beans.factory.support.AbstractBeanFactory.doGetBean(AbstractBeanFactory.java:298)
	at org.springframework.beans.factory.support.AbstractBeanFactory.getBean(AbstractBeanFactory.java:193)
	at org.springframework.beans.factory.support.DefaultListableBeanFactory.preInstantiateSingletons(DefaultListableBeanFactory.java:725)
	at org.springframework.context.support.AbstractApplicationContext.finishBeanFactoryInitialization(AbstractApplicationContext.java:757)
	at org.springframework.context.support.AbstractApplicationContext.refresh(AbstractApplicationContext.java:480)
	at org.springframework.web.servlet.FrameworkServlet.configureAndRefreshWebApplicationContext(FrameworkServlet.java:658)
	at org.springframework.web.servlet.FrameworkServlet.createWebApplicationContext(FrameworkServlet.java:624)
	at org.springframework.web.servlet.FrameworkServlet.createWebApplicationContext(FrameworkServlet.java:672)
	at org.springframework.web.servlet.FrameworkServlet.initWebApplicationContext(FrameworkServlet.java:543)
	at org.springframework.web.servlet.FrameworkServlet.initServletBean(FrameworkServlet.java:484)
	at org.springframework.web.servlet.HttpServletBean.init(HttpServletBean.java:136)
	at javax.servlet.GenericServlet.init(GenericServlet.java:160)
	at org.apache.catalina.core.StandardWrapper.initServlet(StandardWrapper.java:1280)
	at org.apache.catalina.core.StandardWrapper.loadServlet(StandardWrapper.java:1193)
	at org.apache.catalina.core.StandardWrapper.allocate(StandardWrapper.java:865)
	at org.apache.catalina.core.StandardWrapperValve.invoke(StandardWrapperValve.java:136)
	at org.apache.catalina.core.StandardContextValve.invoke(StandardContextValve.java:123)
	at org.apache.catalina.authenticator.AuthenticatorBase.invoke(AuthenticatorBase.java:502)
	at org.apache.catalina.core.StandardHostValve.invoke(StandardHostValve.java:171)
	at org.apache.catalina.valves.ErrorReportValve.invoke(ErrorReportValve.java:100)
	at org.apache.catalina.valves.AccessLogValve.invoke(AccessLogValve.java:953)
	at org.apache.catalina.core.StandardEngineValve.invoke(StandardEngineValve.java:118)
	at org.apache.catalina.connector.CoyoteAdapter.service(CoyoteAdapter.java:408)
	at org.apache.coyote.http11.AbstractHttp11Processor.process(AbstractHttp11Processor.java:1041)
	at org.apache.coyote.AbstractProtocol$AbstractConnectionHandler.process(AbstractProtocol.java:603)
	at org.apache.tomcat.util.net.JIoEndpoint$SocketProcessor.run(JIoEndpoint.java:310)
	at java.util.concurrent.ThreadPoolExecutor.runWorker(ThreadPoolExecutor.java:1149)
	at java.util.concurrent.ThreadPoolExecutor$Worker.run(ThreadPoolExecutor.java:624)
	at java.lang.Thread.run(Thread.java:748)
Caused by: org.springframework.beans.BeanInstantiationException: Could not instantiate bean class [com.down.ssm.servlet.DownloadController]: Constructor threw exception; nested exception is org.springframework.beans.factory.CannotLoadBeanClassException: Cannot find class [download.MyThread] for bean with name 'Down' defined in class path resource [Beans.xml]; nested exception is java.lang.ClassNotFoundException: download.MyThread
	at org.springframework.beans.BeanUtils.instantiateClass(BeanUtils.java:163)
	at org.springframework.beans.factory.support.SimpleInstantiationStrategy.instantiate(SimpleInstantiationStrategy.java:89)
	at org.springframework.beans.factory.support.AbstractAutowireCapableBeanFactory.instantiateBean(AbstractAutowireCapableBeanFactory.java:1088)
	... 34 more
Caused by: org.springframework.beans.factory.CannotLoadBeanClassException: Cannot find class [download.MyThread] for bean with name 'Down' defined in class path resource [Beans.xml]; nested exception is java.lang.ClassNotFoundException: download.MyThread
	at org.springframework.beans.factory.support.AbstractBeanFactory.resolveBeanClass(AbstractBeanFactory.java:1325)
	at org.springframework.beans.factory.support.AbstractAutowireCapableBeanFactory.createBean(AbstractAutowireCapableBeanFactory.java:453)
	at org.springframework.beans.factory.support.AbstractBeanFactory.doGetBean(AbstractBeanFactory.java:321)
	at org.springframework.beans.factory.support.AbstractBeanFactory.getBean(AbstractBeanFactory.java:193)
	at org.springframework.context.support.AbstractApplicationContext.getBean(AbstractApplicationContext.java:956)
	at com.down.ssm.servlet.DownloadController.<init>(DownloadController.java:19)
	at sun.reflect.NativeConstructorAccessorImpl.newInstance0(Native Method)
	at sun.reflect.NativeConstructorAccessorImpl.newInstance(NativeConstructorAccessorImpl.java:62)
	at sun.reflect.DelegatingConstructorAccessorImpl.newInstance(DelegatingConstructorAccessorImpl.java:45)
	at java.lang.reflect.Constructor.newInstance(Constructor.java:423)
	at org.springframework.beans.BeanUtils.instantiateClass(BeanUtils.java:147)
	... 36 more
Caused by: java.lang.ClassNotFoundException: download.MyThread
	at org.apache.catalina.loader.WebappClassLoader.loadClass(WebappClassLoader.java:1702)
	at org.apache.catalina.loader.WebappClassLoader.loadClass(WebappClassLoader.java:1547)
	at org.springframework.util.ClassUtils.forName(ClassUtils.java:246)
	at org.springframework.beans.factory.support.AbstractBeanDefinition.resolveBeanClass(AbstractBeanDefinition.java:395)
	at org.springframework.beans.factory.support.AbstractBeanFactory.doResolveBeanClass(AbstractBeanFactory.java:1346)
	at org.springframework.beans.factory.support.AbstractBeanFactory.resolveBeanClass(AbstractBeanFactory.java:1317)
	... 46 more
2021-11-02 09:34:51,345-FrameworkServlet 'HelloWeb': initialization started(org.springframework.web.servlet.DispatcherServlet:479)
2021-11-02 09:34:51,361-Refreshing WebApplicationContext for namespace 'HelloWeb-servlet': startup date [Tue Nov 02 09:34:51 CST 2021]; root of context hierarchy(org.springframework.web.context.support.XmlWebApplicationContext:510)
2021-11-02 09:34:51,407-Loading XML bean definitions from ServletContext resource [/WEB-INF/HelloWeb-servlet.xml](org.springframework.beans.factory.xml.XmlBeanDefinitionReader:316)
2021-11-02 09:34:51,592-JSR-330 'javax.inject.Inject' annotation found and supported for autowiring(org.springframework.beans.factory.annotation.AutowiredAnnotationBeanPostProcessor:153)
2021-11-02 09:34:51,608-Refreshing org.springframework.context.support.ClassPathXmlApplicationContext@65979ca1: startup date [Tue Nov 02 09:34:51 CST 2021]; root of context hierarchy(org.springframework.context.support.ClassPathXmlApplicationContext:510)
2021-11-02 09:34:51,610-Loading XML bean definitions from class path resource [Beans.xml](org.springframework.beans.factory.xml.XmlBeanDefinitionReader:316)
2021-11-02 09:34:51,685-Mapped URL path [/addStudent] onto handler 'downloadController'(org.springframework.web.servlet.mvc.annotation.DefaultAnnotationHandlerMapping:315)
2021-11-02 09:34:51,685-Mapped URL path [/addStudent.*] onto handler 'downloadController'(org.springframework.web.servlet.mvc.annotation.DefaultAnnotationHandlerMapping:315)
2021-11-02 09:34:51,686-Mapped URL path [/addStudent/] onto handler 'downloadController'(org.springframework.web.servlet.mvc.annotation.DefaultAnnotationHandlerMapping:315)
2021-11-02 09:34:51,686-Mapped URL path [/student] onto handler 'downloadController'(org.springframework.web.servlet.mvc.annotation.DefaultAnnotationHandlerMapping:315)
2021-11-02 09:34:51,686-Mapped URL path [/student.*] onto handler 'downloadController'(org.springframework.web.servlet.mvc.annotation.DefaultAnnotationHandlerMapping:315)
2021-11-02 09:34:51,687-Mapped URL path [/student/] onto handler 'downloadController'(org.springframework.web.servlet.mvc.annotation.DefaultAnnotationHandlerMapping:315)
2021-11-02 09:34:51,804-FrameworkServlet 'HelloWeb': initialization completed in 458 ms(org.springframework.web.servlet.DispatcherServlet:498)
2021-11-02 09:35:26,536-No mapping found for HTTP request with URI [/Multithreaded_Download/student] in DispatcherServlet with name 'HelloWeb'(org.springframework.web.servlet.PageNotFound:1120)
2021-11-02 09:39:59,688-Closing WebApplicationContext for namespace 'HelloWeb-servlet': startup date [Tue Nov 02 09:34:51 CST 2021]; root of context hierarchy(org.springframework.web.context.support.XmlWebApplicationContext:862)
2021-11-02 11:03:42,249-FrameworkServlet 'HelloWeb': initialization started(org.springframework.web.servlet.DispatcherServlet:479)
2021-11-02 11:03:42,263-Refreshing WebApplicationContext for namespace 'HelloWeb-servlet': startup date [Tue Nov 02 11:03:42 CST 2021]; root of context hierarchy(org.springframework.web.context.support.XmlWebApplicationContext:510)
2021-11-02 11:03:42,293-Loading XML bean definitions from ServletContext resource [/WEB-INF/HelloWeb-servlet.xml](org.springframework.beans.factory.xml.XmlBeanDefinitionReader:316)
2021-11-02 11:03:42,468-JSR-330 'javax.inject.Inject' annotation found and supported for autowiring(org.springframework.beans.factory.annotation.AutowiredAnnotationBeanPostProcessor:153)
2021-11-02 11:03:42,484-Refreshing org.springframework.context.support.ClassPathXmlApplicationContext@69a8eadc: startup date [Tue Nov 02 11:03:42 CST 2021]; root of context hierarchy(org.springframework.context.support.ClassPathXmlApplicationContext:510)
2021-11-02 11:03:42,486-Loading XML bean definitions from class path resource [Beans.xml](org.springframework.beans.factory.xml.XmlBeanDefinitionReader:316)
2021-11-02 11:03:42,563-Mapped URL path [/addStudent] onto handler 'downloadController'(org.springframework.web.servlet.mvc.annotation.DefaultAnnotationHandlerMapping:315)
2021-11-02 11:03:42,563-Mapped URL path [/addStudent.*] onto handler 'downloadController'(org.springframework.web.servlet.mvc.annotation.DefaultAnnotationHandlerMapping:315)
2021-11-02 11:03:42,564-Mapped URL path [/addStudent/] onto handler 'downloadController'(org.springframework.web.servlet.mvc.annotation.DefaultAnnotationHandlerMapping:315)
2021-11-02 11:03:42,564-Mapped URL path [/student] onto handler 'downloadController'(org.springframework.web.servlet.mvc.annotation.DefaultAnnotationHandlerMapping:315)
2021-11-02 11:03:42,565-Mapped URL path [/student.*] onto handler 'downloadController'(org.springframework.web.servlet.mvc.annotation.DefaultAnnotationHandlerMapping:315)
2021-11-02 11:03:42,565-Mapped URL path [/student/] onto handler 'downloadController'(org.springframework.web.servlet.mvc.annotation.DefaultAnnotationHandlerMapping:315)
2021-11-02 11:03:42,657-FrameworkServlet 'HelloWeb': initialization completed in 408 ms(org.springframework.web.servlet.DispatcherServlet:498)
2021-11-02 11:04:24,437-No mapping found for HTTP request with URI [/Multithreaded_Download/student] in DispatcherServlet with name 'HelloWeb'(org.springframework.web.servlet.PageNotFound:1120)
2021-11-02 11:04:43,378-Closing WebApplicationContext for namespace 'HelloWeb-servlet': startup date [Tue Nov 02 11:03:42 CST 2021]; root of context hierarchy(org.springframework.web.context.support.XmlWebApplicationContext:862)
2021-11-02 12:43:51,686-FrameworkServlet 'HelloWeb': initialization started(org.springframework.web.servlet.DispatcherServlet:479)
2021-11-02 12:43:51,700-Refreshing WebApplicationContext for namespace 'HelloWeb-servlet': startup date [Tue Nov 02 12:43:51 CST 2021]; root of context hierarchy(org.springframework.web.context.support.XmlWebApplicationContext:510)
2021-11-02 12:43:51,728-Loading XML bean definitions from ServletContext resource [/WEB-INF/HelloWeb-servlet.xml](org.springframework.beans.factory.xml.XmlBeanDefinitionReader:316)
2021-11-02 12:43:51,891-JSR-330 'javax.inject.Inject' annotation found and supported for autowiring(org.springframework.beans.factory.annotation.AutowiredAnnotationBeanPostProcessor:153)
2021-11-02 12:43:51,907-Refreshing org.springframework.context.support.ClassPathXmlApplicationContext@22ef3ce9: startup date [Tue Nov 02 12:43:51 CST 2021]; root of context hierarchy(org.springframework.context.support.ClassPathXmlApplicationContext:510)
2021-11-02 12:43:51,909-Loading XML bean definitions from class path resource [Beans.xml](org.springframework.beans.factory.xml.XmlBeanDefinitionReader:316)
2021-11-02 12:43:52,004-Mapped URL path [/student] onto handler 'downloadController'(org.springframework.web.servlet.mvc.annotation.DefaultAnnotationHandlerMapping:315)
2021-11-02 12:43:52,005-Mapped URL path [/student.*] onto handler 'downloadController'(org.springframework.web.servlet.mvc.annotation.DefaultAnnotationHandlerMapping:315)
2021-11-02 12:43:52,005-Mapped URL path [/student/] onto handler 'downloadController'(org.springframework.web.servlet.mvc.annotation.DefaultAnnotationHandlerMapping:315)
2021-11-02 12:43:52,005-Mapped URL path [/addStudent] onto handler 'downloadController'(org.springframework.web.servlet.mvc.annotation.DefaultAnnotationHandlerMapping:315)
2021-11-02 12:43:52,006-Mapped URL path [/addStudent.*] onto handler 'downloadController'(org.springframework.web.servlet.mvc.annotation.DefaultAnnotationHandlerMapping:315)
2021-11-02 12:43:52,006-Mapped URL path [/addStudent/] onto handler 'downloadController'(org.springframework.web.servlet.mvc.annotation.DefaultAnnotationHandlerMapping:315)
2021-11-02 12:43:52,122-FrameworkServlet 'HelloWeb': initialization completed in 436 ms(org.springframework.web.servlet.DispatcherServlet:498)
2021-11-02 12:49:37,352-Closing WebApplicationContext for namespace 'HelloWeb-servlet': startup date [Tue Nov 02 12:43:51 CST 2021]; root of context hierarchy(org.springframework.web.context.support.XmlWebApplicationContext:862)
